<?xml version="1.0" encoding="UTF-8"?>
<testng-results ignored="0" total="2" passed="2" failed="0" skipped="0">
  <reporter-output>
  </reporter-output>
  <suite started-at="2025-01-02T07:19:38Z" name="Suite" finished-at="2025-01-02T07:20:08Z" duration-ms="30461">
    <groups>
      <group name="Master">
        <method signature="HomeTest.testAddItemToCart()[pri:0, instance:tests.HomeTest@5552768b]" name="testAddItemToCart" class="tests.HomeTest"/>
        <method signature="LoginTest.loginTest()[pri:0, instance:tests.LoginTest@671a5887]" name="loginTest" class="tests.LoginTest"/>
      </group> <!-- Master -->
      <group name="Sanity">
        <method signature="LoginTest.loginTest()[pri:0, instance:tests.LoginTest@671a5887]" name="loginTest" class="tests.LoginTest"/>
      </group> <!-- Sanity -->
      <group name="Regression">
        <method signature="HomeTest.testAddItemToCart()[pri:0, instance:tests.HomeTest@5552768b]" name="testAddItemToCart" class="tests.HomeTest"/>
      </group> <!-- Regression -->
    </groups>
    <test started-at="2025-01-02T07:19:38Z" name="Test" finished-at="2025-01-02T07:20:08Z" duration-ms="30461">
      <class name="tests.LoginTest">
        <test-method is-config="true" signature="setUp()[pri:0, instance:tests.LoginTest@671a5887]" started-at="2025-01-02T12:49:39Z" name="setUp" finished-at="2025-01-02T12:49:49Z" duration-ms="10299" status="PASS">
          <reporter-output>
          </reporter-output>
        </test-method> <!-- setUp -->
        <test-method signature="loginTest()[pri:0, instance:tests.LoginTest@671a5887]" started-at="2025-01-02T12:49:49Z" name="loginTest" finished-at="2025-01-02T12:49:58Z" duration-ms="9189" status="PASS">
          <reporter-output>
          </reporter-output>
        </test-method> <!-- loginTest -->
        <test-method is-config="true" signature="tearDown()[pri:0, instance:tests.LoginTest@671a5887]" started-at="2025-01-02T12:49:58Z" name="tearDown" finished-at="2025-01-02T12:49:59Z" duration-ms="1065" status="PASS">
          <reporter-output>
          </reporter-output>
        </test-method> <!-- tearDown -->
      </class> <!-- tests.LoginTest -->
      <class name="tests.HomeTest">
        <test-method is-config="true" signature="setUp()[pri:0, instance:tests.HomeTest@5552768b]" started-at="2025-01-02T12:49:59Z" name="setUp" finished-at="2025-01-02T12:50:05Z" duration-ms="5862" status="PASS">
          <reporter-output>
          </reporter-output>
        </test-method> <!-- setUp -->
        <test-method signature="testAddItemToCart()[pri:0, instance:tests.HomeTest@5552768b]" started-at="2025-01-02T12:50:05Z" name="testAddItemToCart" finished-at="2025-01-02T12:50:07Z" duration-ms="2004" status="PASS">
          <reporter-output>
          </reporter-output>
        </test-method> <!-- testAddItemToCart -->
        <test-method is-config="true" signature="tearDown()[pri:0, instance:tests.HomeTest@5552768b]" started-at="2025-01-02T12:50:07Z" name="tearDown" finished-at="2025-01-02T12:50:08Z" duration-ms="1208" status="PASS">
          <reporter-output>
          </reporter-output>
        </test-method> <!-- tearDown -->
      </class> <!-- tests.HomeTest -->
    </test> <!-- Test -->
  </suite> <!-- Suite -->
</testng-results>
